CRITICAL - 2025-01-02 14:36:57 --> Undefined variable $menus
in APPPATH\Views\Layout\navbar.php on line 2.
 1 APPPATH\Views\Layout\navbar.php(2): CodeIgniter\Debug\Exceptions->errorHandler(2, 'Undefined variable $menus', 'C:\\laragon\\www\\ppdb-2\\app\\Views\\Layout\\navbar.php', 2)
 2 SYSTEMPATH\View\View.php(226): include('C:\\laragon\\www\\ppdb-2\\app\\Views\\Layout\\navbar.php')
 3 SYSTEMPATH\View\View.php(229): CodeIgniter\View\View->CodeIgniter\View\{closure}()
 4 SYSTEMPATH\View\View.php(462): CodeIgniter\View\View->render('Layout/navbar', null, true)
 5 APPPATH\Views\Layout\base.php(41): CodeIgniter\View\View->include('Layout/navbar')
 6 SYSTEMPATH\View\View.php(226): include('C:\\laragon\\www\\ppdb-2\\app\\Views\\Layout\\base.php')
 7 SYSTEMPATH\View\View.php(229): CodeIgniter\View\View->CodeIgniter\View\{closure}()
 8 SYSTEMPATH\View\View.php(242): CodeIgniter\View\View->render('Layout/Base', [], true)
 9 SYSTEMPATH\Common.php(1174): CodeIgniter\View\View->render('sample', [], true)
10 APPPATH\Controllers\Home.php(9): view('sample')
11 SYSTEMPATH\CodeIgniter.php(932): App\Controllers\Home->index()
12 SYSTEMPATH\CodeIgniter.php(497): CodeIgniter\CodeIgniter->runController(Object(App\Controllers\Home))
13 SYSTEMPATH\CodeIgniter.php(366): CodeIgniter\CodeIgniter->handleRequest(null, Object(Config\Cache), false)
14 FCPATH\index.php(67): CodeIgniter\CodeIgniter->run()
CRITICAL - 2025-01-02 14:38:07 --> Undefined variable $menus
in APPPATH\Views\Layout\navbar.php on line 2.
 1 APPPATH\Views\Layout\navbar.php(2): CodeIgniter\Debug\Exceptions->errorHandler(2, 'Undefined variable $menus', 'C:\\laragon\\www\\ppdb-2\\app\\Views\\Layout\\navbar.php', 2)
 2 SYSTEMPATH\View\View.php(226): include('C:\\laragon\\www\\ppdb-2\\app\\Views\\Layout\\navbar.php')
 3 SYSTEMPATH\View\View.php(229): CodeIgniter\View\View->CodeIgniter\View\{closure}()
 4 SYSTEMPATH\View\View.php(462): CodeIgniter\View\View->render('Layout/navbar', null, true)
 5 APPPATH\Views\Layout\base.php(41): CodeIgniter\View\View->include('Layout/navbar')
 6 SYSTEMPATH\View\View.php(226): include('C:\\laragon\\www\\ppdb-2\\app\\Views\\Layout\\base.php')
 7 SYSTEMPATH\View\View.php(229): CodeIgniter\View\View->CodeIgniter\View\{closure}()
 8 SYSTEMPATH\View\View.php(242): CodeIgniter\View\View->render('Layout/Base', [], true)
 9 SYSTEMPATH\Common.php(1174): CodeIgniter\View\View->render('sample', [], true)
10 APPPATH\Controllers\Home.php(9): view('sample')
11 SYSTEMPATH\CodeIgniter.php(932): App\Controllers\Home->index()
12 SYSTEMPATH\CodeIgniter.php(497): CodeIgniter\CodeIgniter->runController(Object(App\Controllers\Home))
13 SYSTEMPATH\CodeIgniter.php(366): CodeIgniter\CodeIgniter->handleRequest(null, Object(Config\Cache), false)
14 FCPATH\index.php(67): CodeIgniter\CodeIgniter->run()
CRITICAL - 2025-01-02 14:38:10 --> Undefined variable $menus
in APPPATH\Views\Layout\navbar.php on line 2.
 1 APPPATH\Views\Layout\navbar.php(2): CodeIgniter\Debug\Exceptions->errorHandler(2, 'Undefined variable $menus', 'C:\\laragon\\www\\ppdb-2\\app\\Views\\Layout\\navbar.php', 2)
 2 SYSTEMPATH\View\View.php(226): include('C:\\laragon\\www\\ppdb-2\\app\\Views\\Layout\\navbar.php')
 3 SYSTEMPATH\View\View.php(229): CodeIgniter\View\View->CodeIgniter\View\{closure}()
 4 SYSTEMPATH\View\View.php(462): CodeIgniter\View\View->render('Layout/navbar', null, true)
 5 APPPATH\Views\Layout\base.php(41): CodeIgniter\View\View->include('Layout/navbar')
 6 SYSTEMPATH\View\View.php(226): include('C:\\laragon\\www\\ppdb-2\\app\\Views\\Layout\\base.php')
 7 SYSTEMPATH\View\View.php(229): CodeIgniter\View\View->CodeIgniter\View\{closure}()
 8 SYSTEMPATH\View\View.php(242): CodeIgniter\View\View->render('Layout/Base', [], true)
 9 SYSTEMPATH\Common.php(1174): CodeIgniter\View\View->render('sample', [], true)
10 APPPATH\Controllers\Home.php(9): view('sample')
11 SYSTEMPATH\CodeIgniter.php(932): App\Controllers\Home->index()
12 SYSTEMPATH\CodeIgniter.php(497): CodeIgniter\CodeIgniter->runController(Object(App\Controllers\Home))
13 SYSTEMPATH\CodeIgniter.php(366): CodeIgniter\CodeIgniter->handleRequest(null, Object(Config\Cache), false)
14 FCPATH\index.php(67): CodeIgniter\CodeIgniter->run()
CRITICAL - 2025-01-02 14:38:11 --> Undefined variable $menus
in APPPATH\Views\Layout\navbar.php on line 2.
 1 APPPATH\Views\Layout\navbar.php(2): CodeIgniter\Debug\Exceptions->errorHandler(2, 'Undefined variable $menus', 'C:\\laragon\\www\\ppdb-2\\app\\Views\\Layout\\navbar.php', 2)
 2 SYSTEMPATH\View\View.php(226): include('C:\\laragon\\www\\ppdb-2\\app\\Views\\Layout\\navbar.php')
 3 SYSTEMPATH\View\View.php(229): CodeIgniter\View\View->CodeIgniter\View\{closure}()
 4 SYSTEMPATH\View\View.php(462): CodeIgniter\View\View->render('Layout/navbar', null, true)
 5 APPPATH\Views\Layout\base.php(41): CodeIgniter\View\View->include('Layout/navbar')
 6 SYSTEMPATH\View\View.php(226): include('C:\\laragon\\www\\ppdb-2\\app\\Views\\Layout\\base.php')
 7 SYSTEMPATH\View\View.php(229): CodeIgniter\View\View->CodeIgniter\View\{closure}()
 8 SYSTEMPATH\View\View.php(242): CodeIgniter\View\View->render('Layout/Base', [], true)
 9 SYSTEMPATH\Common.php(1174): CodeIgniter\View\View->render('sample', [], true)
10 APPPATH\Controllers\Home.php(9): view('sample')
11 SYSTEMPATH\CodeIgniter.php(932): App\Controllers\Home->index()
12 SYSTEMPATH\CodeIgniter.php(497): CodeIgniter\CodeIgniter->runController(Object(App\Controllers\Home))
13 SYSTEMPATH\CodeIgniter.php(366): CodeIgniter\CodeIgniter->handleRequest(null, Object(Config\Cache), false)
14 FCPATH\index.php(67): CodeIgniter\CodeIgniter->run()
CRITICAL - 2025-01-02 14:38:23 --> Undefined variable $menus
in APPPATH\Views\Layout\navbar.php on line 2.
 1 APPPATH\Views\Layout\navbar.php(2): CodeIgniter\Debug\Exceptions->errorHandler(2, 'Undefined variable $menus', 'C:\\laragon\\www\\ppdb-2\\app\\Views\\Layout\\navbar.php', 2)
 2 SYSTEMPATH\View\View.php(226): include('C:\\laragon\\www\\ppdb-2\\app\\Views\\Layout\\navbar.php')
 3 SYSTEMPATH\View\View.php(229): CodeIgniter\View\View->CodeIgniter\View\{closure}()
 4 SYSTEMPATH\View\View.php(462): CodeIgniter\View\View->render('Layout/navbar', null, true)
 5 APPPATH\Views\Layout\base.php(41): CodeIgniter\View\View->include('Layout/navbar')
 6 SYSTEMPATH\View\View.php(226): include('C:\\laragon\\www\\ppdb-2\\app\\Views\\Layout\\base.php')
 7 SYSTEMPATH\View\View.php(229): CodeIgniter\View\View->CodeIgniter\View\{closure}()
 8 SYSTEMPATH\View\View.php(242): CodeIgniter\View\View->render('Layout/Base', [], true)
 9 SYSTEMPATH\Common.php(1174): CodeIgniter\View\View->render('sample', [], true)
10 APPPATH\Controllers\Home.php(9): view('sample')
11 SYSTEMPATH\CodeIgniter.php(932): App\Controllers\Home->index()
12 SYSTEMPATH\CodeIgniter.php(497): CodeIgniter\CodeIgniter->runController(Object(App\Controllers\Home))
13 SYSTEMPATH\CodeIgniter.php(366): CodeIgniter\CodeIgniter->handleRequest(null, Object(Config\Cache), false)
14 FCPATH\index.php(67): CodeIgniter\CodeIgniter->run()
CRITICAL - 2025-01-02 14:38:24 --> Undefined variable $menus
in APPPATH\Views\Layout\navbar.php on line 2.
 1 APPPATH\Views\Layout\navbar.php(2): CodeIgniter\Debug\Exceptions->errorHandler(2, 'Undefined variable $menus', 'C:\\laragon\\www\\ppdb-2\\app\\Views\\Layout\\navbar.php', 2)
 2 SYSTEMPATH\View\View.php(226): include('C:\\laragon\\www\\ppdb-2\\app\\Views\\Layout\\navbar.php')
 3 SYSTEMPATH\View\View.php(229): CodeIgniter\View\View->CodeIgniter\View\{closure}()
 4 SYSTEMPATH\View\View.php(462): CodeIgniter\View\View->render('Layout/navbar', null, true)
 5 APPPATH\Views\Layout\base.php(41): CodeIgniter\View\View->include('Layout/navbar')
 6 SYSTEMPATH\View\View.php(226): include('C:\\laragon\\www\\ppdb-2\\app\\Views\\Layout\\base.php')
 7 SYSTEMPATH\View\View.php(229): CodeIgniter\View\View->CodeIgniter\View\{closure}()
 8 SYSTEMPATH\View\View.php(242): CodeIgniter\View\View->render('Layout/Base', [], true)
 9 SYSTEMPATH\Common.php(1174): CodeIgniter\View\View->render('sample', [], true)
10 APPPATH\Controllers\Home.php(9): view('sample')
11 SYSTEMPATH\CodeIgniter.php(932): App\Controllers\Home->index()
12 SYSTEMPATH\CodeIgniter.php(497): CodeIgniter\CodeIgniter->runController(Object(App\Controllers\Home))
13 SYSTEMPATH\CodeIgniter.php(366): CodeIgniter\CodeIgniter->handleRequest(null, Object(Config\Cache), false)
14 FCPATH\index.php(67): CodeIgniter\CodeIgniter->run()
CRITICAL - 2025-01-02 14:38:24 --> Undefined variable $menus
in APPPATH\Views\Layout\navbar.php on line 2.
 1 APPPATH\Views\Layout\navbar.php(2): CodeIgniter\Debug\Exceptions->errorHandler(2, 'Undefined variable $menus', 'C:\\laragon\\www\\ppdb-2\\app\\Views\\Layout\\navbar.php', 2)
 2 SYSTEMPATH\View\View.php(226): include('C:\\laragon\\www\\ppdb-2\\app\\Views\\Layout\\navbar.php')
 3 SYSTEMPATH\View\View.php(229): CodeIgniter\View\View->CodeIgniter\View\{closure}()
 4 SYSTEMPATH\View\View.php(462): CodeIgniter\View\View->render('Layout/navbar', null, true)
 5 APPPATH\Views\Layout\base.php(41): CodeIgniter\View\View->include('Layout/navbar')
 6 SYSTEMPATH\View\View.php(226): include('C:\\laragon\\www\\ppdb-2\\app\\Views\\Layout\\base.php')
 7 SYSTEMPATH\View\View.php(229): CodeIgniter\View\View->CodeIgniter\View\{closure}()
 8 SYSTEMPATH\View\View.php(242): CodeIgniter\View\View->render('Layout/Base', [], true)
 9 SYSTEMPATH\Common.php(1174): CodeIgniter\View\View->render('sample', [], true)
10 APPPATH\Controllers\Home.php(9): view('sample')
11 SYSTEMPATH\CodeIgniter.php(932): App\Controllers\Home->index()
12 SYSTEMPATH\CodeIgniter.php(497): CodeIgniter\CodeIgniter->runController(Object(App\Controllers\Home))
13 SYSTEMPATH\CodeIgniter.php(366): CodeIgniter\CodeIgniter->handleRequest(null, Object(Config\Cache), false)
14 FCPATH\index.php(67): CodeIgniter\CodeIgniter->run()
CRITICAL - 2025-01-02 14:39:53 --> The route for "pegawai.daftar" cannot be found.
in SYSTEMPATH\Helpers\url_helper.php on line 599.
 1 SYSTEMPATH\Helpers\url_helper.php(599): CodeIgniter\Router\Exceptions\RouterException::forInvalidRoute('pegawai.daftar')
 2 APPPATH\Cells\Component\navbarCell.php(54): url_to('pegawai.daftar')
 3 SYSTEMPATH\View\Cell.php(226): App\Cells\Component\navbarCell->mount()
 4 SYSTEMPATH\View\Cell.php(102): CodeIgniter\View\Cell->renderCell(Object(App\Cells\Component\navbarCell), 'render', [])
 5 SYSTEMPATH\Common.php(1190): CodeIgniter\View\Cell->render('App\\Cells\\Component\\navbarCell', [], 0, 'AppCellsComponentnavbarCellrender40cd750bba9870f18aada2478b24840a')
 6 APPPATH\Views\Layout\navbar.php(210): view_cell('App\\Cells\\Component\\navbarCell')
 7 SYSTEMPATH\View\View.php(226): include('C:\\laragon\\www\\ppdb-2\\app\\Views\\Layout\\navbar.php')
 8 SYSTEMPATH\View\View.php(229): CodeIgniter\View\View->CodeIgniter\View\{closure}()
 9 SYSTEMPATH\View\View.php(462): CodeIgniter\View\View->render('Layout/navbar', null, true)
10 APPPATH\Views\Layout\base.php(41): CodeIgniter\View\View->include('Layout/navbar')
11 SYSTEMPATH\View\View.php(226): include('C:\\laragon\\www\\ppdb-2\\app\\Views\\Layout\\base.php')
12 SYSTEMPATH\View\View.php(229): CodeIgniter\View\View->CodeIgniter\View\{closure}()
13 SYSTEMPATH\View\View.php(242): CodeIgniter\View\View->render('Layout/Base', [], true)
14 SYSTEMPATH\Common.php(1174): CodeIgniter\View\View->render('sample', [], true)
15 APPPATH\Controllers\Home.php(9): view('sample')
16 SYSTEMPATH\CodeIgniter.php(932): App\Controllers\Home->index()
17 SYSTEMPATH\CodeIgniter.php(497): CodeIgniter\CodeIgniter->runController(Object(App\Controllers\Home))
18 SYSTEMPATH\CodeIgniter.php(366): CodeIgniter\CodeIgniter->handleRequest(null, Object(Config\Cache), false)
19 FCPATH\index.php(67): CodeIgniter\CodeIgniter->run()
CRITICAL - 2025-01-02 14:40:22 --> Undefined variable $header
in APPPATH\Views\Layout\base.php on line 52.
 1 APPPATH\Views\Layout\base.php(52): CodeIgniter\Debug\Exceptions->errorHandler(2, 'Undefined variable $header', 'C:\\laragon\\www\\ppdb-2\\app\\Views\\Layout\\base.php', 52)
 2 SYSTEMPATH\View\View.php(226): include('C:\\laragon\\www\\ppdb-2\\app\\Views\\Layout\\base.php')
 3 SYSTEMPATH\View\View.php(229): CodeIgniter\View\View->CodeIgniter\View\{closure}()
 4 SYSTEMPATH\View\View.php(242): CodeIgniter\View\View->render('Layout/Base', [], true)
 5 SYSTEMPATH\Common.php(1174): CodeIgniter\View\View->render('sample', [], true)
 6 APPPATH\Controllers\Home.php(9): view('sample')
 7 SYSTEMPATH\CodeIgniter.php(932): App\Controllers\Home->index()
 8 SYSTEMPATH\CodeIgniter.php(497): CodeIgniter\CodeIgniter->runController(Object(App\Controllers\Home))
 9 SYSTEMPATH\CodeIgniter.php(366): CodeIgniter\CodeIgniter->handleRequest(null, Object(Config\Cache), false)
10 FCPATH\index.php(67): CodeIgniter\CodeIgniter->run()
CRITICAL - 2025-01-02 14:41:23 --> Undefined variable $header
in APPPATH\Views\Layout\base.php on line 52.
 1 APPPATH\Views\Layout\base.php(52): CodeIgniter\Debug\Exceptions->errorHandler(2, 'Undefined variable $header', 'C:\\laragon\\www\\ppdb-2\\app\\Views\\Layout\\base.php', 52)
 2 SYSTEMPATH\View\View.php(226): include('C:\\laragon\\www\\ppdb-2\\app\\Views\\Layout\\base.php')
 3 SYSTEMPATH\View\View.php(229): CodeIgniter\View\View->CodeIgniter\View\{closure}()
 4 SYSTEMPATH\View\View.php(242): CodeIgniter\View\View->render('Layout/Base', [], true)
 5 SYSTEMPATH\Common.php(1174): CodeIgniter\View\View->render('sample', [], true)
 6 APPPATH\Controllers\Home.php(17): view('sample')
 7 SYSTEMPATH\CodeIgniter.php(932): App\Controllers\Home->index()
 8 SYSTEMPATH\CodeIgniter.php(497): CodeIgniter\CodeIgniter->runController(Object(App\Controllers\Home))
 9 SYSTEMPATH\CodeIgniter.php(366): CodeIgniter\CodeIgniter->handleRequest(null, Object(Config\Cache), false)
10 FCPATH\index.php(67): CodeIgniter\CodeIgniter->run()
CRITICAL - 2025-01-02 14:41:26 --> Undefined variable $header
in APPPATH\Views\Layout\base.php on line 52.
 1 APPPATH\Views\Layout\base.php(52): CodeIgniter\Debug\Exceptions->errorHandler(2, 'Undefined variable $header', 'C:\\laragon\\www\\ppdb-2\\app\\Views\\Layout\\base.php', 52)
 2 SYSTEMPATH\View\View.php(226): include('C:\\laragon\\www\\ppdb-2\\app\\Views\\Layout\\base.php')
 3 SYSTEMPATH\View\View.php(229): CodeIgniter\View\View->CodeIgniter\View\{closure}()
 4 SYSTEMPATH\View\View.php(242): CodeIgniter\View\View->render('Layout/Base', [], true)
 5 SYSTEMPATH\Common.php(1174): CodeIgniter\View\View->render('sample', [], true)
 6 APPPATH\Controllers\Home.php(17): view('sample')
 7 SYSTEMPATH\CodeIgniter.php(932): App\Controllers\Home->index()
 8 SYSTEMPATH\CodeIgniter.php(497): CodeIgniter\CodeIgniter->runController(Object(App\Controllers\Home))
 9 SYSTEMPATH\CodeIgniter.php(366): CodeIgniter\CodeIgniter->handleRequest(null, Object(Config\Cache), false)
10 FCPATH\index.php(67): CodeIgniter\CodeIgniter->run()
CRITICAL - 2025-01-02 14:41:26 --> Undefined variable $header
in APPPATH\Views\Layout\base.php on line 52.
 1 APPPATH\Views\Layout\base.php(52): CodeIgniter\Debug\Exceptions->errorHandler(2, 'Undefined variable $header', 'C:\\laragon\\www\\ppdb-2\\app\\Views\\Layout\\base.php', 52)
 2 SYSTEMPATH\View\View.php(226): include('C:\\laragon\\www\\ppdb-2\\app\\Views\\Layout\\base.php')
 3 SYSTEMPATH\View\View.php(229): CodeIgniter\View\View->CodeIgniter\View\{closure}()
 4 SYSTEMPATH\View\View.php(242): CodeIgniter\View\View->render('Layout/Base', [], true)
 5 SYSTEMPATH\Common.php(1174): CodeIgniter\View\View->render('sample', [], true)
 6 APPPATH\Controllers\Home.php(17): view('sample')
 7 SYSTEMPATH\CodeIgniter.php(932): App\Controllers\Home->index()
 8 SYSTEMPATH\CodeIgniter.php(497): CodeIgniter\CodeIgniter->runController(Object(App\Controllers\Home))
 9 SYSTEMPATH\CodeIgniter.php(366): CodeIgniter\CodeIgniter->handleRequest(null, Object(Config\Cache), false)
10 FCPATH\index.php(67): CodeIgniter\CodeIgniter->run()
CRITICAL - 2025-01-02 14:41:35 --> Undefined array key "pretitle"
in APPPATH\Views\Layout\base.php on line 52.
 1 APPPATH\Views\Layout\base.php(52): CodeIgniter\Debug\Exceptions->errorHandler(2, 'Undefined array key "pretitle"', 'C:\\laragon\\www\\ppdb-2\\app\\Views\\Layout\\base.php', 52)
 2 SYSTEMPATH\View\View.php(226): include('C:\\laragon\\www\\ppdb-2\\app\\Views\\Layout\\base.php')
 3 SYSTEMPATH\View\View.php(229): CodeIgniter\View\View->CodeIgniter\View\{closure}()
 4 SYSTEMPATH\View\View.php(242): CodeIgniter\View\View->render('Layout/Base', [], true)
 5 SYSTEMPATH\Common.php(1174): CodeIgniter\View\View->render('sample', [], true)
 6 APPPATH\Controllers\Home.php(17): view('sample', [...])
 7 SYSTEMPATH\CodeIgniter.php(932): App\Controllers\Home->index()
 8 SYSTEMPATH\CodeIgniter.php(497): CodeIgniter\CodeIgniter->runController(Object(App\Controllers\Home))
 9 SYSTEMPATH\CodeIgniter.php(366): CodeIgniter\CodeIgniter->handleRequest(null, Object(Config\Cache), false)
10 FCPATH\index.php(67): CodeIgniter\CodeIgniter->run()
CRITICAL - 2025-01-02 14:41:37 --> Undefined array key "pretitle"
in APPPATH\Views\Layout\base.php on line 52.
 1 APPPATH\Views\Layout\base.php(52): CodeIgniter\Debug\Exceptions->errorHandler(2, 'Undefined array key "pretitle"', 'C:\\laragon\\www\\ppdb-2\\app\\Views\\Layout\\base.php', 52)
 2 SYSTEMPATH\View\View.php(226): include('C:\\laragon\\www\\ppdb-2\\app\\Views\\Layout\\base.php')
 3 SYSTEMPATH\View\View.php(229): CodeIgniter\View\View->CodeIgniter\View\{closure}()
 4 SYSTEMPATH\View\View.php(242): CodeIgniter\View\View->render('Layout/Base', [], true)
 5 SYSTEMPATH\Common.php(1174): CodeIgniter\View\View->render('sample', [], true)
 6 APPPATH\Controllers\Home.php(17): view('sample', [...])
 7 SYSTEMPATH\CodeIgniter.php(932): App\Controllers\Home->index()
 8 SYSTEMPATH\CodeIgniter.php(497): CodeIgniter\CodeIgniter->runController(Object(App\Controllers\Home))
 9 SYSTEMPATH\CodeIgniter.php(366): CodeIgniter\CodeIgniter->handleRequest(null, Object(Config\Cache), false)
10 FCPATH\index.php(67): CodeIgniter\CodeIgniter->run()
CRITICAL - 2025-01-02 15:06:51 --> syntax error, unexpected token "<"
in APPPATH\Views\home.php on line 14.
 1 SYSTEMPATH\View\View.php(229): CodeIgniter\View\View->CodeIgniter\View\{closure}()
 2 SYSTEMPATH\Common.php(1174): CodeIgniter\View\View->render('home', [], true)
 3 APPPATH\Controllers\Home.php(13): view('home', [...])
 4 SYSTEMPATH\CodeIgniter.php(932): App\Controllers\Home->index()
 5 SYSTEMPATH\CodeIgniter.php(497): CodeIgniter\CodeIgniter->runController(Object(App\Controllers\Home))
 6 SYSTEMPATH\CodeIgniter.php(366): CodeIgniter\CodeIgniter->handleRequest(null, Object(Config\Cache), false)
 7 FCPATH\index.php(67): CodeIgniter\CodeIgniter->run()
